c:\users\choi\desktop\mytestserver\thirdparties\recastnavi\prj\x64\debug\detour.pdb
c:\users\choi\desktop\mytestserver\thirdparties\recastnavi\prj\x64\debug\detour.idb
c:\users\choi\desktop\mytestserver\thirdparties\recastnavi\prj\x64\debug\detouralloc.obj
c:\users\choi\desktop\mytestserver\thirdparties\recastnavi\prj\x64\debug\detourcommon.obj
c:\users\choi\desktop\mytestserver\thirdparties\recastnavi\prj\x64\debug\detournavmesh.obj
c:\users\choi\desktop\mytestserver\thirdparties\recastnavi\prj\x64\debug\detournavmeshbuilder.obj
c:\users\choi\desktop\mytestserver\thirdparties\recastnavi\prj\x64\debug\detournavmeshquery.obj
c:\users\choi\desktop\mytestserver\thirdparties\recastnavi\prj\x64\debug\detournode.obj
c:\users\choi\desktop\_포트폴리오\내가 만든 서버\mytestserver\thirdparties\recastnavi\prj\x64\debug\detour.pdb
c:\users\choi\desktop\_포트폴리오\내가 만든 서버\mytestserver\thirdparties\recastnavi\prj\x64\debug\detour.idb
c:\users\choi\desktop\_포트폴리오\내가 만든 서버\mytestserver\thirdparties\recastnavi\prj\x64\debug\detouralloc.obj
c:\users\choi\desktop\_포트폴리오\내가 만든 서버\mytestserver\thirdparties\recastnavi\prj\x64\debug\detourcommon.obj
c:\users\choi\desktop\_포트폴리오\내가 만든 서버\mytestserver\thirdparties\recastnavi\prj\x64\debug\detournavmesh.obj
c:\users\choi\desktop\_포트폴리오\내가 만든 서버\mytestserver\thirdparties\recastnavi\prj\x64\debug\detournavmeshbuilder.obj
c:\users\choi\desktop\_포트폴리오\내가 만든 서버\mytestserver\thirdparties\recastnavi\prj\x64\debug\detournavmeshquery.obj
c:\users\choi\desktop\_포트폴리오\내가 만든 서버\mytestserver\thirdparties\recastnavi\prj\x64\debug\detournode.obj
c:\users\choi\desktop\mytestserver\x64\debug\detour.lib
c:\users\choi\desktop\_포트폴리오\내가 만든 서버\mytestserver\x64\debug\detour.lib
c:\users\choi\desktop\포트폴리오\내가 만든 서버\mytestserver\thirdparties\recastnavi\prj\x64\debug\detouralloc.obj
c:\users\choi\desktop\포트폴리오\내가 만든 서버\mytestserver\thirdparties\recastnavi\prj\x64\debug\detourcommon.obj
c:\users\choi\desktop\포트폴리오\내가 만든 서버\mytestserver\thirdparties\recastnavi\prj\x64\debug\detournavmesh.obj
c:\users\choi\desktop\포트폴리오\내가 만든 서버\mytestserver\thirdparties\recastnavi\prj\x64\debug\detournavmeshbuilder.obj
c:\users\choi\desktop\포트폴리오\내가 만든 서버\mytestserver\thirdparties\recastnavi\prj\x64\debug\detournavmeshquery.obj
c:\users\choi\desktop\포트폴리오\내가 만든 서버\mytestserver\thirdparties\recastnavi\prj\x64\debug\detournode.obj
c:\users\choi\desktop\포트폴리오\내가 만든 서버\mytestserver\thirdparties\recastnavi\prj\x64\debug\detour.idb
c:\users\choi\desktop\포트폴리오\내가 만든 서버\mytestserver\thirdparties\recastnavi\prj\x64\debug\detour.pdb
c:\users\choi\desktop\포트폴리오\내가 만든 서버\mytestserver\x64\debug\detour.pdb
c:\users\choi\desktop\포트폴리오\내가 만든 서버\mytestserver\x64\debug\detour.lib
c:\users\choi\desktop\포트폴리오\내가 만든 서버\mytestserver\thirdparties\recastnavi\prj\x64\debug\detour.tlog\cl.command.1.tlog
c:\users\choi\desktop\포트폴리오\내가 만든 서버\mytestserver\thirdparties\recastnavi\prj\x64\debug\detour.tlog\cl.read.1.tlog
c:\users\choi\desktop\포트폴리오\내가 만든 서버\mytestserver\thirdparties\recastnavi\prj\x64\debug\detour.tlog\cl.write.1.tlog
c:\users\choi\desktop\포트폴리오\내가 만든 서버\mytestserver\thirdparties\recastnavi\prj\x64\debug\detour.tlog\lib-link.read.1.tlog
c:\users\choi\desktop\포트폴리오\내가 만든 서버\mytestserver\thirdparties\recastnavi\prj\x64\debug\detour.tlog\lib-link.write.1.tlog
c:\users\choi\desktop\포트폴리오\내가 만든 서버\mytestserver\thirdparties\recastnavi\prj\x64\debug\detour.tlog\lib.command.1.tlog
