c:\users\choi\desktop\mytestserver\thirdparties\recastnavi\prj\x64\release\detour.pdb
c:\users\choi\desktop\mytestserver\thirdparties\recastnavi\prj\x64\release\detournode.obj
c:\users\choi\desktop\mytestserver\thirdparties\recastnavi\prj\x64\release\detournavmeshquery.obj
c:\users\choi\desktop\mytestserver\thirdparties\recastnavi\prj\x64\release\detournavmeshbuilder.obj
c:\users\choi\desktop\mytestserver\thirdparties\recastnavi\prj\x64\release\detournavmesh.obj
c:\users\choi\desktop\mytestserver\thirdparties\recastnavi\prj\x64\release\detourcommon.obj
c:\users\choi\desktop\mytestserver\thirdparties\recastnavi\prj\x64\release\detouralloc.obj
c:\users\choi\desktop\_포트폴리오\내가 만든 서버\mytestserver\thirdparties\recastnavi\prj\x64\release\detour.pdb
c:\users\choi\desktop\_포트폴리오\내가 만든 서버\mytestserver\thirdparties\recastnavi\prj\x64\release\detournode.obj
c:\users\choi\desktop\_포트폴리오\내가 만든 서버\mytestserver\thirdparties\recastnavi\prj\x64\release\detournavmeshquery.obj
c:\users\choi\desktop\_포트폴리오\내가 만든 서버\mytestserver\thirdparties\recastnavi\prj\x64\release\detournavmeshbuilder.obj
c:\users\choi\desktop\_포트폴리오\내가 만든 서버\mytestserver\thirdparties\recastnavi\prj\x64\release\detournavmesh.obj
c:\users\choi\desktop\_포트폴리오\내가 만든 서버\mytestserver\thirdparties\recastnavi\prj\x64\release\detourcommon.obj
c:\users\choi\desktop\_포트폴리오\내가 만든 서버\mytestserver\thirdparties\recastnavi\prj\x64\release\detouralloc.obj
c:\users\choi\desktop\mytestserver\x64\release\detour.lib
c:\users\choi\desktop\_포트폴리오\내가 만든 서버\mytestserver\x64\release\detour.lib
c:\users\choi\desktop\_포트폴리오\내가 만든 서버\mytestserver\thirdparties\recastnavi\prj\x64\release\detour.tlog\cl.command.1.tlog
c:\users\choi\desktop\_포트폴리오\내가 만든 서버\mytestserver\thirdparties\recastnavi\prj\x64\release\detour.tlog\cl.read.1.tlog
c:\users\choi\desktop\_포트폴리오\내가 만든 서버\mytestserver\thirdparties\recastnavi\prj\x64\release\detour.tlog\cl.write.1.tlog
c:\users\choi\desktop\_포트폴리오\내가 만든 서버\mytestserver\thirdparties\recastnavi\prj\x64\release\detour.tlog\lib-link.read.1.tlog
c:\users\choi\desktop\_포트폴리오\내가 만든 서버\mytestserver\thirdparties\recastnavi\prj\x64\release\detour.tlog\lib-link.write.1.tlog
c:\users\choi\desktop\_포트폴리오\내가 만든 서버\mytestserver\thirdparties\recastnavi\prj\x64\release\detour.tlog\lib.command.1.tlog
